<?xml version="1.0" encoding="UTF-8"?>
<testsuite name="models.CaesarCipherTest" tests="1" skipped="0" failures="0" errors="0" timestamp="2022-01-26T13:30:11" hostname="gero-HP-ProBook-450-G5" time="0.002">
  <properties/>
  <testcase name="caesarCipher_setKey_int" classname="models.CaesarCipherTest" time="0.002"/>
  <system-out><![CDATA[]]></system-out>
  <system-err><![CDATA[]]></system-err>
</testsuite>
