<?xml version="1.0" encoding="UTF-8"?>
<testsuite name="models.CaesarCipherTest" tests="7" skipped="0" failures="0" errors="0" timestamp="2021-10-27T20:02:31" hostname="gero-HP-ProBook-450-G5" time="0.006">
  <properties/>
  <testcase name="caesarCipher_getmWord_String" classname="models.CaesarCipherTest" time="0.002"/>
  <testcase name="caesarCipher_setmWord_String" classname="models.CaesarCipherTest" time="0.0"/>
  <testcase name="caesarCipher_decrypter_String" classname="models.CaesarCipherTest" time="0.0"/>
  <testcase name="caesarCipher_encrypter_String" classname="models.CaesarCipherTest" time="0.0"/>
  <testcase name="caesarCipher_setmKey_int" classname="models.CaesarCipherTest" time="0.0"/>
  <testcase name="caesarCipher_getmKey_int" classname="models.CaesarCipherTest" time="0.001"/>
  <testcase name="caesarCipher_instantiatesCorrectly_true" classname="models.CaesarCipherTest" time="0.0"/>
  <system-out><![CDATA[]]></system-out>
  <system-err><![CDATA[]]></system-err>
</testsuite>
